Using pre-set license
Built from '2020.3/staging' branch; Version is '2020.3.5f1 (8095aa901b9b) revision 8426922'; Using compiler version '192528614'; Build Type 'Release'
OS: 'Windows 10 Home; OS build 19042.928; Version 2009; 64bit' Language: 'en' Physical Memory: 8062 MB
BatchMode: 1, IsHumanControllingUs: 0, StartBugReporterOnCrash: 0, Is64bit: 1, IsPro: 0

 COMMAND LINE ARGUMENTS:
C:\Program Files\Unity\Hub\Editor\2020.3.5f1\Editor\Unity.exe
-adb2
-batchMode
-noUpm
-name
AssetImportWorker0
-projectPath
C:/Users/Andrea/Documents/GitHub/run-alistair/Run Alistair
-logFile
Logs/AssetImportWorker0.log
-srvPort
52269
Successfully changed project path to: C:/Users/Andrea/Documents/GitHub/run-alistair/Run Alistair
C:/Users/Andrea/Documents/GitHub/run-alistair/Run Alistair
Using Asset Import Pipeline V2.
Refreshing native plugins compatible for Editor in 168.69 ms, found 3 plugins.
Preloading 1 native plugins for Editor in 5.76 ms.
Initialize engine version: 2020.3.5f1 (8095aa901b9b)
[Subsystems] Discovering subsystems at path C:/Program Files/Unity/Hub/Editor/2020.3.5f1/Editor/Data/Resources/UnitySubsystems
[Subsystems] Discovering subsystems at path C:/Users/Andrea/Documents/GitHub/run-alistair/Run Alistair/Assets
GfxDevice: creating device client; threaded=0
Direct3D:
    Version:  Direct3D 11.0 [level 11.1]
    Renderer: Intel(R) HD Graphics 620 (ID=0x5916)
    Vendor:   
    VRAM:     4031 MB
    Driver:   25.20.100.6446
Initialize mono
Mono path[0] = 'C:/Program Files/Unity/Hub/Editor/2020.3.5f1/Editor/Data/Managed'
Mono path[1] = 'C:/Program Files/Unity/Hub/Editor/2020.3.5f1/Editor/Data/MonoBleedingEdge/lib/mono/unityjit'
Mono config path = 'C:/Program Files/Unity/Hub/Editor/2020.3.5f1/Editor/Data/MonoBleedingEdge/etc'
Using monoOptions --debugger-agent=transport=dt_socket,embedding=1,server=y,suspend=n,address=127.0.0.1:56872
Begin MonoManager ReloadAssembly
Registering precompiled unity dll's ...
Register platform support module: C:/Program Files/Unity/Hub/Editor/2020.3.5f1/Editor/Data/PlaybackEngines/WindowsStandaloneSupport/UnityEditor.WindowsStandalone.Extensions.dll
Registered in 0.004928 seconds.
Native extension for WindowsStandalone target not found
Refreshing native plugins compatible for Editor in 46.53 ms, found 3 plugins.
Preloading 1 native plugins for Editor in 0.20 ms.
Mono: successfully reloaded assembly
- Completed reload, in  3.290 seconds
Platform modules already initialized, skipping
Registering precompiled user dll's ...
Registered in 0.004591 seconds.
Begin MonoManager ReloadAssembly
Native extension for WindowsStandalone target not found
Refreshing native plugins compatible for Editor in 0.85 ms, found 3 plugins.
Preloading 1 native plugins for Editor in 0.19 ms.
[XR] OculusXRPlugin: registering subsystems
[XR] Unable to register display lifecyle provider: [1]
[XR] Oculus Input lifecycle provider registered.
[XR] Unable to register input lifecyle provider: [1]
NullReferenceException: Object reference not set to an instance of an object
  at Unity.XR.Oculus.OculusLoader.AssetPathToAbsolutePath (System.String assetPath) [0x00048] in C:\Users\Andrea\Documents\GitHub\run-alistair\Run Alistair\Library\PackageCache\com.unity.xr.oculus@1.9.0\Runtime\OculusLoader.cs:249 
  at Unity.XR.Oculus.OculusLoader.EditorLoadOVRPlugin () [0x0007b] in C:\Users\Andrea\Documents\GitHub\run-alistair\Run Alistair\Library\PackageCache\com.unity.xr.oculus@1.9.0\Runtime\OculusLoader.cs:234 

(Filename: Library/PackageCache/com.unity.xr.oculus@1.9.0/Runtime/OculusLoader.cs Line: 249)

Mono: successfully reloaded assembly
- Completed reload, in  1.888 seconds
Platform modules already initialized, skipping
========================================================================
Worker process is ready to serve import requests
Launched and connected shader compiler UnityShaderCompiler.exe after 0.09 seconds
Refreshing native plugins compatible for Editor in 0.39 ms, found 3 plugins.
Preloading 1 native plugins for Editor in 0.20 ms.
Unloading 1236 Unused Serialized files (Serialized files now loaded: 0)
System memory in use before: 76.2 MB.
System memory in use after: 76.2 MB.

Unloading 11 unused Assets to reduce memory usage. Loaded Objects now: 1696.
Total: 3.109600 ms (FindLiveObjects: 0.250100 ms CreateObjectMapping: 0.069800 ms MarkObjects: 2.630600 ms  DeleteObjects: 0.156300 ms)

========================================================================
Received Import Request.
  path: Assets/Materials/Death Wall.mat
  artifactKey: Guid(3cfc84d20fb2d44b39254cca3c44e207) Importer(815301076,1909f56bfc062723c751e8b465ee728b)
Start importing Assets/Materials/Death Wall.mat using Guid(3cfc84d20fb2d44b39254cca3c44e207) Importer(815301076,1909f56bfc062723c751e8b465ee728b)  -> (artifact id: '9933e00c2a75cd7d0b2fcb552465bb76') in 1.058317 seconds
  Import took 1.062171 seconds .

========================================================================
Received Import Request.
  Time since last request: 0.000803 seconds.
  path: Assets/Materials/Bunny.mat
  artifactKey: Guid(65d49f5f31cd740d7b6948a658c30da8) Importer(815301076,1909f56bfc062723c751e8b465ee728b)
Start importing Assets/Materials/Bunny.mat using Guid(65d49f5f31cd740d7b6948a658c30da8) Importer(815301076,1909f56bfc062723c751e8b465ee728b)  -> (artifact id: '1d979dcf618fa6fe85376acd2fb68b60') in 0.044934 seconds
  Import took 0.051307 seconds .

========================================================================
Received Import Request.
  Time since last request: 0.000438 seconds.
  path: Assets/Materials/PineTree.mat
  artifactKey: Guid(bf6d94d9d3f4b495c82e5df2562f87d9) Importer(815301076,1909f56bfc062723c751e8b465ee728b)
Start importing Assets/Materials/PineTree.mat using Guid(bf6d94d9d3f4b495c82e5df2562f87d9) Importer(815301076,1909f56bfc062723c751e8b465ee728b)  -> (artifact id: '96ca917540765f9089bc4daa07519da9') in 0.029147 seconds
  Import took 0.034624 seconds .

========================================================================
Received Import Request.
  Time since last request: 0.000603 seconds.
  path: Assets/Materials/Bunny.mat
  artifactKey: Guid(65d49f5f31cd740d7b6948a658c30da8) Importer(815301076,1909f56bfc062723c751e8b465ee728b)
Start importing Assets/Materials/Bunny.mat using Guid(65d49f5f31cd740d7b6948a658c30da8) Importer(815301076,1909f56bfc062723c751e8b465ee728b)  -> (artifact id: '1d979dcf618fa6fe85376acd2fb68b60') in 0.022293 seconds
  Import took 0.026872 seconds .

========================================================================
Received Import Request.
  Time since last request: 0.000330 seconds.
  path: Assets/Materials/Prison.mat
  artifactKey: Guid(ec5f7a1ab9064414c831ed444d85fae4) Importer(815301076,1909f56bfc062723c751e8b465ee728b)
Start importing Assets/Materials/Prison.mat using Guid(ec5f7a1ab9064414c831ed444d85fae4) Importer(815301076,1909f56bfc062723c751e8b465ee728b)  -> (artifact id: 'df55d2755c0ae6a3ed10eae674376e10') in 0.024619 seconds
  Import took 0.028868 seconds .

========================================================================
Received Import Request.
  Time since last request: 0.000485 seconds.
  path: Assets/Materials/Floor Material.mat
  artifactKey: Guid(44b67fc3bef134106b005e33cce44048) Importer(815301076,1909f56bfc062723c751e8b465ee728b)
Start importing Assets/Materials/Floor Material.mat using Guid(44b67fc3bef134106b005e33cce44048) Importer(815301076,1909f56bfc062723c751e8b465ee728b)  -> (artifact id: 'a4bed381f55a91712aa2839df2a3737b') in 0.039121 seconds
  Import took 0.044945 seconds .

========================================================================
Received Import Request.
  Time since last request: 0.000386 seconds.
  path: Assets/Materials/Log.mat
  artifactKey: Guid(a79161c3c976f48e78ff52e66c74456d) Importer(815301076,1909f56bfc062723c751e8b465ee728b)
Start importing Assets/Materials/Log.mat using Guid(a79161c3c976f48e78ff52e66c74456d) Importer(815301076,1909f56bfc062723c751e8b465ee728b)  -> (artifact id: '2fede07b0befec3d052bfd69e80e01e1') in 0.022023 seconds
  Import took 0.026161 seconds .

========================================================================
Received Import Request.
  Time since last request: 0.000405 seconds.
  path: Assets/Materials/Floor Material.mat
  artifactKey: Guid(44b67fc3bef134106b005e33cce44048) Importer(815301076,1909f56bfc062723c751e8b465ee728b)
Start importing Assets/Materials/Floor Material.mat using Guid(44b67fc3bef134106b005e33cce44048) Importer(815301076,1909f56bfc062723c751e8b465ee728b)  -> (artifact id: 'a4bed381f55a91712aa2839df2a3737b') in 0.022351 seconds
  Import took 0.028054 seconds .

========================================================================
Received Import Request.
  Time since last request: 0.000555 seconds.
  path: Assets/Materials/Log.mat
  artifactKey: Guid(a79161c3c976f48e78ff52e66c74456d) Importer(815301076,1909f56bfc062723c751e8b465ee728b)
Start importing Assets/Materials/Log.mat using Guid(a79161c3c976f48e78ff52e66c74456d) Importer(815301076,1909f56bfc062723c751e8b465ee728b)  -> (artifact id: '2fede07b0befec3d052bfd69e80e01e1') in 0.023300 seconds
  Import took 0.034636 seconds .

========================================================================
Received Import Request.
  Time since last request: 0.000497 seconds.
  path: Assets/Materials/Tree.mat
  artifactKey: Guid(67d0385c716cc45fabeaaea9267f2588) Importer(815301076,1909f56bfc062723c751e8b465ee728b)
Start importing Assets/Materials/Tree.mat using Guid(67d0385c716cc45fabeaaea9267f2588) Importer(815301076,1909f56bfc062723c751e8b465ee728b)  -> (artifact id: '711364105a0323f24aa575e9f21ad00d') in 0.023454 seconds
  Import took 0.027701 seconds .

========================================================================
Received Import Request.
  Time since last request: 48.388262 seconds.
  path: Assets/Scenes/Level2.unity
  artifactKey: Guid(65caaeef5cd5944b8bdd9db5f1c14e95) Importer(815301076,1909f56bfc062723c751e8b465ee728b)
Start importing Assets/Scenes/Level2.unity using Guid(65caaeef5cd5944b8bdd9db5f1c14e95) Importer(815301076,1909f56bfc062723c751e8b465ee728b)  -> (artifact id: '73e2ba4c9ec9dbd2bb0d71f59b7c8267') in 0.005446 seconds
  Import took 0.011124 seconds .

========================================================================
Received Import Request.
  Time since last request: 0.084897 seconds.
  path: Assets/Scenes/Level2.unity
  artifactKey: Guid(65caaeef5cd5944b8bdd9db5f1c14e95) Importer(815301076,1909f56bfc062723c751e8b465ee728b)
Start importing Assets/Scenes/Level2.unity using Guid(65caaeef5cd5944b8bdd9db5f1c14e95) Importer(815301076,1909f56bfc062723c751e8b465ee728b)  -> (artifact id: '73e2ba4c9ec9dbd2bb0d71f59b7c8267') in 0.005257 seconds
  Import took 0.009100 seconds .

========================================================================
Received Prepare
Registering precompiled user dll's ...
Registered in 0.019560 seconds.
Begin MonoManager ReloadAssembly
Native extension for WindowsStandalone target not found
Refreshing native plugins compatible for Editor in 2.30 ms, found 3 plugins.
Preloading 1 native plugins for Editor in 0.47 ms.
NullReferenceException: Object reference not set to an instance of an object
  at Unity.XR.Oculus.OculusLoader.AssetPathToAbsolutePath (System.String assetPath) [0x00048] in C:\Users\Andrea\Documents\GitHub\run-alistair\Run Alistair\Library\PackageCache\com.unity.xr.oculus@1.9.0\Runtime\OculusLoader.cs:249 
  at Unity.XR.Oculus.OculusLoader.EditorLoadOVRPlugin () [0x0007b] in C:\Users\Andrea\Documents\GitHub\run-alistair\Run Alistair\Library\PackageCache\com.unity.xr.oculus@1.9.0\Runtime\OculusLoader.cs:234 

(Filename: Library/PackageCache/com.unity.xr.oculus@1.9.0/Runtime/OculusLoader.cs Line: 249)

Mono: successfully reloaded assembly
- Completed reload, in  7.864 seconds
Platform modules already initialized, skipping
Refreshing native plugins compatible for Editor in 3.42 ms, found 3 plugins.
Preloading 1 native plugins for Editor in 0.86 ms.
Unloading 1206 Unused Serialized files (Serialized files now loaded: 0)
System memory in use before: 77.8 MB.
System memory in use after: 77.9 MB.

Unloading 6 unused Assets to reduce memory usage. Loaded Objects now: 1740.
Total: 13.100300 ms (FindLiveObjects: 1.405100 ms CreateObjectMapping: 1.274400 ms MarkObjects: 9.905200 ms  DeleteObjects: 0.426900 ms)

AssetImportWorkerClient::OnTransportError - code=2 error=End of file
